<?xml version="1.0" encoding="UTF-8"?>
<!-- Generated by org.testng.reporters.JUnitReportReporter -->
<testsuite hostname="Macro" failures="0" tests="1" name="com.RestAssured.GoRestAllv2Users" time="0.015" errors="0" timestamp="2024-09-12T00:09:04 IST" skipped="0">
  <testcase classname="com.RestAssured.GoRestAllv2Users" name="ValidateGoRestIndV2AllUsers" time="0.015"/>
</testsuite> <!-- com.RestAssured.GoRestAllv2Users -->
